<?xml version="1.0" encoding="UTF-8"?>
<robot generator="Robot 7.3.2 (Python 3.13.5 on darwin)" generated="2025-08-13T11:14:55.884318" rpa="false" schemaversion="5">
<suite id="s1" name="Exo 2 3" source="/Users/thierry/Projets/17_myLab/02_Programmation/04_RPA/code/exo_2_3.robot">
<test id="s1-t1" name="Vérifier Fichier Base De Données" line="9">
<kw name="File Should Exist" owner="OperatingSystem">
<msg time="2025-08-13T11:14:55.908653" level="INFO" html="true">File '&lt;a href="file:///Users/thierry/Projets/17_myLab/02_Programmation/04_RPA/code/test.db"&gt;/Users/thierry/Projets/17_myLab/02_Programmation/04_RPA/code/test.db&lt;/a&gt;' exists.</msg>
<arg>test.db</arg>
<doc>Fails unless the given ``path`` points to an existing file.</doc>
<status status="PASS" start="2025-08-13T11:14:55.908493" elapsed="0.000201"/>
</kw>
<status status="PASS" start="2025-08-13T11:14:55.908064" elapsed="0.000715"/>
</test>
<test id="s1-t2" name="Ajout De Plusieurs Utilisateurs" line="12">
<kw name="Connect To Database" owner="DatabaseLibrary">
<msg time="2025-08-13T11:14:55.909114" level="INFO">Looking for configuration file: 'resources/db.cfg'</msg>
<msg time="2025-08-13T11:14:55.909145" level="INFO">Configuration file doesn't exist</msg>
<msg time="2025-08-13T11:14:55.913232" level="INFO">Connect to DB using : sqlite3.connect(database='test.db')</msg>
<arg>sqlite3</arg>
<arg>${DBNAME}</arg>
<doc>Creates a database connection using the DB API 2.0 ``db_module`` and the parameters provided.
Along with listed commonly used arguments (`db_name`, `db_host` etc.)
you can set any other DB module specific parameters as key/value pairs.</doc>
<status status="PASS" start="2025-08-13T11:14:55.909001" elapsed="0.005299"/>
</kw>
<kw name="Create List" owner="BuiltIn">
<msg time="2025-08-13T11:14:55.914641" level="INFO">@{noms} = [ Alice | Bob | Charlie | Diana ]</msg>
<var>@{noms}</var>
<arg>Alice</arg>
<arg>Bob</arg>
<arg>Charlie</arg>
<arg>Diana</arg>
<doc>Returns a list containing given items.</doc>
<status status="PASS" start="2025-08-13T11:14:55.914447" elapsed="0.000209"/>
</kw>
<for flavor="IN">
<iter>
<kw name="Execute Sql String" owner="DatabaseLibrary">
<msg time="2025-08-13T11:14:55.915015" level="INFO" html="true">Executing sql:&lt;br&gt;&lt;code style="font-weight: bold;"&gt;INSERT INTO users (nom) VALUES ('Alice')&lt;/code&gt;</msg>
<msg time="2025-08-13T11:14:55.916041" level="INFO">Commit the transaction</msg>
<arg>INSERT INTO users (nom) VALUES ('${nom}')</arg>
<doc>Executes the ``sql_string`` as a single SQL command.</doc>
<status status="PASS" start="2025-08-13T11:14:55.914918" elapsed="0.001432"/>
</kw>
<var name="${nom}">Alice</var>
<status status="PASS" start="2025-08-13T11:14:55.914867" elapsed="0.001506"/>
</iter>
<iter>
<kw name="Execute Sql String" owner="DatabaseLibrary">
<msg time="2025-08-13T11:14:55.916554" level="INFO" html="true">Executing sql:&lt;br&gt;&lt;code style="font-weight: bold;"&gt;INSERT INTO users (nom) VALUES ('Bob')&lt;/code&gt;</msg>
<msg time="2025-08-13T11:14:55.916672" level="INFO">Commit the transaction</msg>
<arg>INSERT INTO users (nom) VALUES ('${nom}')</arg>
<doc>Executes the ``sql_string`` as a single SQL command.</doc>
<status status="PASS" start="2025-08-13T11:14:55.916482" elapsed="0.000437"/>
</kw>
<var name="${nom}">Bob</var>
<status status="PASS" start="2025-08-13T11:14:55.916433" elapsed="0.000503"/>
</iter>
<iter>
<kw name="Execute Sql String" owner="DatabaseLibrary">
<msg time="2025-08-13T11:14:55.917224" level="INFO" html="true">Executing sql:&lt;br&gt;&lt;code style="font-weight: bold;"&gt;INSERT INTO users (nom) VALUES ('Charlie')&lt;/code&gt;</msg>
<msg time="2025-08-13T11:14:55.917457" level="INFO">Commit the transaction</msg>
<arg>INSERT INTO users (nom) VALUES ('${nom}')</arg>
<doc>Executes the ``sql_string`` as a single SQL command.</doc>
<status status="PASS" start="2025-08-13T11:14:55.917104" elapsed="0.000742"/>
</kw>
<var name="${nom}">Charlie</var>
<status status="PASS" start="2025-08-13T11:14:55.916975" elapsed="0.000893"/>
</iter>
<iter>
<kw name="Execute Sql String" owner="DatabaseLibrary">
<msg time="2025-08-13T11:14:55.918032" level="INFO" html="true">Executing sql:&lt;br&gt;&lt;code style="font-weight: bold;"&gt;INSERT INTO users (nom) VALUES ('Diana')&lt;/code&gt;</msg>
<msg time="2025-08-13T11:14:55.918177" level="INFO">Commit the transaction</msg>
<arg>INSERT INTO users (nom) VALUES ('${nom}')</arg>
<doc>Executes the ``sql_string`` as a single SQL command.</doc>
<status status="PASS" start="2025-08-13T11:14:55.917962" elapsed="0.000502"/>
</kw>
<var name="${nom}">Diana</var>
<status status="PASS" start="2025-08-13T11:14:55.917910" elapsed="0.000581"/>
</iter>
<var>${nom}</var>
<value>@{noms}</value>
<status status="PASS" start="2025-08-13T11:14:55.914722" elapsed="0.003785"/>
</for>
<kw name="Disconnect From Database" owner="DatabaseLibrary">
<doc>Disconnects from the database.</doc>
<status status="PASS" start="2025-08-13T11:14:55.918594" elapsed="0.000089"/>
</kw>
<status status="PASS" start="2025-08-13T11:14:55.908866" elapsed="0.009923"/>
</test>
<status status="PASS" start="2025-08-13T11:14:55.884986" elapsed="0.034034"/>
</suite>
<statistics>
<total>
<stat pass="2" fail="0" skip="0">All Tests</stat>
</total>
<tag>
</tag>
<suite>
<stat name="Exo 2 3" id="s1" pass="2" fail="0" skip="0">Exo 2 3</stat>
</suite>
</statistics>
<errors>
</errors>
</robot>
