<?xml version="1.0" encoding="UTF-8"?>
<robot generator="Robot 7.3.2 (Python 3.13.5 on darwin)" generated="2025-07-29T11:37:15.262328" rpa="false" schemaversion="5">
<suite id="s1" name="Exo 1 1" source="/Users/thierry/Projets/17_myLab/02_Programmation/04_RPA/code/exo_1_1.robot">
<test id="s1-t1" name="Créer_Et_Lire_Un_Fichier_Texte" line="5">
<kw name="Set Variable" owner="BuiltIn">
<msg time="2025-07-29T11:37:15.280607" level="INFO">${chemin} = rapport.txt</msg>
<var>${chemin}</var>
<arg>rapport.txt</arg>
<doc>Returns the given values which can then be assigned to a variables.</doc>
<status status="PASS" start="2025-07-29T11:37:15.280490" elapsed="0.000141"/>
</kw>
<kw name="Set Variable" owner="BuiltIn">
<msg time="2025-07-29T11:37:15.280817" level="INFO">${monTexte} = Ceci est un rapport de test</msg>
<var>${monTexte}</var>
<arg>Ceci est un rapport de test</arg>
<doc>Returns the given values which can then be assigned to a variables.</doc>
<status status="PASS" start="2025-07-29T11:37:15.280747" elapsed="0.000084"/>
</kw>
<kw name="Create File" owner="OperatingSystem">
<msg time="2025-07-29T11:37:15.281245" level="INFO" html="true">Created file '&lt;a href="file:///Users/thierry/Projets/17_myLab/02_Programmation/04_RPA/code/rapport.txt"&gt;/Users/thierry/Projets/17_myLab/02_Programmation/04_RPA/code/rapport.txt&lt;/a&gt;'.</msg>
<arg>${chemin}</arg>
<arg>${monTexte}</arg>
<doc>Creates a file with the given content and encoding.</doc>
<status status="PASS" start="2025-07-29T11:37:15.280894" elapsed="0.000378"/>
</kw>
<kw name="Get File" owner="OperatingSystem">
<msg time="2025-07-29T11:37:15.281426" level="INFO" html="true">Getting file '&lt;a href="file:///Users/thierry/Projets/17_myLab/02_Programmation/04_RPA/code/rapport.txt"&gt;/Users/thierry/Projets/17_myLab/02_Programmation/04_RPA/code/rapport.txt&lt;/a&gt;'.</msg>
<msg time="2025-07-29T11:37:15.281595" level="INFO">${contenu} = Ceci est un rapport de test</msg>
<var>${contenu}</var>
<arg>${chemin}</arg>
<doc>Returns the contents of a specified file.</doc>
<status status="PASS" start="2025-07-29T11:37:15.281331" elapsed="0.000279"/>
</kw>
<kw name="Should Be Equal As Strings" owner="BuiltIn">
<arg>${contenu}</arg>
<arg>${monTexte}</arg>
<doc>Fails if objects are unequal after converting them to strings.</doc>
<status status="PASS" start="2025-07-29T11:37:15.281708" elapsed="0.000128"/>
</kw>
<kw name="Remove File" owner="OperatingSystem">
<msg time="2025-07-29T11:37:15.282105" level="INFO" html="true">Removed file '&lt;a href="file:///Users/thierry/Projets/17_myLab/02_Programmation/04_RPA/code/rapport.txt"&gt;/Users/thierry/Projets/17_myLab/02_Programmation/04_RPA/code/rapport.txt&lt;/a&gt;'.</msg>
<arg>${chemin}</arg>
<doc>Removes a file with the given path.</doc>
<status status="PASS" start="2025-07-29T11:37:15.281927" elapsed="0.000217"/>
</kw>
<status status="PASS" start="2025-07-29T11:37:15.280046" elapsed="0.002176"/>
</test>
<status status="PASS" start="2025-07-29T11:37:15.263051" elapsed="0.019356"/>
</suite>
<statistics>
<total>
<stat pass="1" fail="0" skip="0">All Tests</stat>
</total>
<tag>
</tag>
<suite>
<stat name="Exo 1 1" id="s1" pass="1" fail="0" skip="0">Exo 1 1</stat>
</suite>
</statistics>
<errors>
</errors>
</robot>
