<?xml version="1.0" encoding="UTF-8"?>
<robot generator="Robot 7.3.2 (Python 3.13.5 on darwin)" generated="2025-07-21T08:06:33.910759" rpa="false" schemaversion="5">
<suite id="s1" name="Exo 1 2" source="/Users/thierry/Projets/17_myLab/02_Programmation/04_RPA/code/exo_1_2.robot">
<test id="s1-t1" name="Créer_Et_Lire_Un_Fichier_Texte_Invalide" line="6">
<kw name="Set Variable" owner="BuiltIn">
<msg time="2025-07-21T08:06:33.926784" level="INFO">${chemin} = rapport.txt</msg>
<var>${chemin}</var>
<arg>rapport.txt</arg>
<doc>Returns the given values which can then be assigned to a variables.</doc>
<status status="PASS" start="2025-07-21T08:06:33.926702" elapsed="0.000102"/>
</kw>
<kw name="Set Variable" owner="BuiltIn">
<msg time="2025-07-21T08:06:33.926939" level="INFO">${monTexte} = Ceci est un rapport de test</msg>
<var>${monTexte}</var>
<arg>Ceci est un rapport de test</arg>
<doc>Returns the given values which can then be assigned to a variables.</doc>
<status status="PASS" start="2025-07-21T08:06:33.926881" elapsed="0.000071"/>
</kw>
<kw name="Create File" owner="OperatingSystem">
<msg time="2025-07-21T08:06:33.927271" level="INFO" html="true">Created file '&lt;a href="file:///Users/thierry/Projets/17_myLab/02_Programmation/04_RPA/code/rapport.txt"&gt;/Users/thierry/Projets/17_myLab/02_Programmation/04_RPA/code/rapport.txt&lt;/a&gt;'.</msg>
<arg>${chemin}</arg>
<arg>${monTexte}</arg>
<doc>Creates a file with the given content and encoding.</doc>
<status status="PASS" start="2025-07-21T08:06:33.927008" elapsed="0.000287"/>
</kw>
<kw name="Get File" owner="OperatingSystem">
<msg time="2025-07-21T08:06:33.927420" level="INFO" html="true">Getting file '&lt;a href="file:///Users/thierry/Projets/17_myLab/02_Programmation/04_RPA/code/rapport.txt"&gt;/Users/thierry/Projets/17_myLab/02_Programmation/04_RPA/code/rapport.txt&lt;/a&gt;'.</msg>
<msg time="2025-07-21T08:06:33.927483" level="INFO">${contenu} = Ceci est un rapport de test</msg>
<var>${contenu}</var>
<arg>${chemin}</arg>
<doc>Returns the contents of a specified file.</doc>
<status status="PASS" start="2025-07-21T08:06:33.927349" elapsed="0.000144"/>
</kw>
<kw name="Should Be Equal As Strings" owner="BuiltIn">
<msg time="2025-07-21T08:06:33.927648" level="FAIL">Ceci est un rapport de test != Ceci est un contenu erroné</msg>
<arg>${contenu}</arg>
<arg>Ceci est un contenu erroné</arg>
<doc>Fails if objects are unequal after converting them to strings.</doc>
<status status="FAIL" start="2025-07-21T08:06:33.927544" elapsed="0.000180">Ceci est un rapport de test != Ceci est un contenu erroné</status>
</kw>
<kw name="Remove File" owner="OperatingSystem">
<arg>${chemin}</arg>
<doc>Removes a file with the given path.</doc>
<status status="NOT RUN" start="2025-07-21T08:06:33.927789" elapsed="0.000008"/>
</kw>
<doc>Test invalide</doc>
<tag>Invalide</tag>
<status status="FAIL" start="2025-07-21T08:06:33.926305" elapsed="0.001568">Ceci est un rapport de test != Ceci est un contenu erroné</status>
</test>
<test id="s1-t2" name="Créer_Et_Lire_Un_Fichier_Texte" line="19">
<kw name="Set Variable" owner="BuiltIn">
<msg time="2025-07-21T08:06:33.928291" level="INFO">${chemin} = rapport.txt</msg>
<var>${chemin}</var>
<arg>rapport.txt</arg>
<doc>Returns the given values which can then be assigned to a variables.</doc>
<status status="PASS" start="2025-07-21T08:06:33.928163" elapsed="0.000150"/>
</kw>
<kw name="Set Variable" owner="BuiltIn">
<msg time="2025-07-21T08:06:33.928551" level="INFO">${monTexte} = Ceci est un rapport de test</msg>
<var>${monTexte}</var>
<arg>Ceci est un rapport de test</arg>
<doc>Returns the given values which can then be assigned to a variables.</doc>
<status status="PASS" start="2025-07-21T08:06:33.928408" elapsed="0.000162"/>
</kw>
<kw name="Create File" owner="OperatingSystem">
<msg time="2025-07-21T08:06:33.928878" level="INFO" html="true">Created file '&lt;a href="file:///Users/thierry/Projets/17_myLab/02_Programmation/04_RPA/code/rapport.txt"&gt;/Users/thierry/Projets/17_myLab/02_Programmation/04_RPA/code/rapport.txt&lt;/a&gt;'.</msg>
<arg>${chemin}</arg>
<arg>${monTexte}</arg>
<doc>Creates a file with the given content and encoding.</doc>
<status status="PASS" start="2025-07-21T08:06:33.928650" elapsed="0.000260"/>
</kw>
<kw name="Get File" owner="OperatingSystem">
<msg time="2025-07-21T08:06:33.929048" level="INFO" html="true">Getting file '&lt;a href="file:///Users/thierry/Projets/17_myLab/02_Programmation/04_RPA/code/rapport.txt"&gt;/Users/thierry/Projets/17_myLab/02_Programmation/04_RPA/code/rapport.txt&lt;/a&gt;'.</msg>
<msg time="2025-07-21T08:06:33.929114" level="INFO">${contenu} = Ceci est un rapport de test</msg>
<var>${contenu}</var>
<arg>${chemin}</arg>
<doc>Returns the contents of a specified file.</doc>
<status status="PASS" start="2025-07-21T08:06:33.928971" elapsed="0.000154"/>
</kw>
<kw name="Should Be Equal As Strings" owner="BuiltIn">
<arg>${contenu}</arg>
<arg>${monTexte}</arg>
<doc>Fails if objects are unequal after converting them to strings.</doc>
<status status="PASS" start="2025-07-21T08:06:33.929176" elapsed="0.000233"/>
</kw>
<kw name="Remove File" owner="OperatingSystem">
<msg time="2025-07-21T08:06:33.929583" level="INFO" html="true">Removed file '&lt;a href="file:///Users/thierry/Projets/17_myLab/02_Programmation/04_RPA/code/rapport.txt"&gt;/Users/thierry/Projets/17_myLab/02_Programmation/04_RPA/code/rapport.txt&lt;/a&gt;'.</msg>
<arg>${chemin}</arg>
<doc>Removes a file with the given path.</doc>
<status status="PASS" start="2025-07-21T08:06:33.929462" elapsed="0.000141"/>
</kw>
<doc>Test valide</doc>
<tag>Valide</tag>
<status status="PASS" start="2025-07-21T08:06:33.928002" elapsed="0.001657"/>
</test>
<status status="FAIL" start="2025-07-21T08:06:33.911370" elapsed="0.018468"/>
</suite>
<statistics>
<total>
<stat pass="1" fail="1" skip="0">All Tests</stat>
</total>
<tag>
<stat pass="0" fail="1" skip="0">Invalide</stat>
<stat pass="1" fail="0" skip="0">Valide</stat>
</tag>
<suite>
<stat name="Exo 1 2" id="s1" pass="1" fail="1" skip="0">Exo 1 2</stat>
</suite>
</statistics>
<errors>
</errors>
</robot>
