<?xml version="1.0" encoding="UTF-8"?>
<robot generator="Robot 7.3.2 (Python 3.13.5 on darwin)" generated="2025-07-17T09:38:08.798685" rpa="false" schemaversion="5">
<suite id="s1" name="Exo 1 1" source="/Users/thierry/Projets/17_myLab/02_Programmation/04_RPA/code/exo_1_1.robot">
<test id="s1-t1" name="Créer_Et_Lire_Un_Fichier_Texte" line="5">
<kw name="Set Variable" owner="BuiltIn">
<msg time="2025-07-17T09:38:08.821412" level="INFO">${chemin} = rapport.txt</msg>
<var>${chemin}</var>
<arg>rapport.txt</arg>
<doc>Returns the given values which can then be assigned to a variables.</doc>
<status status="PASS" start="2025-07-17T09:38:08.821310" elapsed="0.000127"/>
</kw>
<kw name="Create File" owner="OperatingSystem">
<msg time="2025-07-17T09:38:08.821774" level="INFO" html="true">Created file '&lt;a href="file:///Users/thierry/Projets/17_myLab/02_Programmation/04_RPA/code/rapport.txt"&gt;/Users/thierry/Projets/17_myLab/02_Programmation/04_RPA/code/rapport.txt&lt;/a&gt;'.</msg>
<arg>${chemin}</arg>
<arg>Ceci est un rapport de test</arg>
<doc>Creates a file with the given content and encoding.</doc>
<status status="PASS" start="2025-07-17T09:38:08.821518" elapsed="0.000284"/>
</kw>
<kw name="Get File" owner="OperatingSystem">
<msg time="2025-07-17T09:38:08.821944" level="INFO" html="true">Getting file '&lt;a href="file:///Users/thierry/Projets/17_myLab/02_Programmation/04_RPA/code/rapport.txt"&gt;/Users/thierry/Projets/17_myLab/02_Programmation/04_RPA/code/rapport.txt&lt;/a&gt;'.</msg>
<msg time="2025-07-17T09:38:08.822014" level="INFO">${contenu} = Ceci est un rapport de test</msg>
<var>${contenu}</var>
<arg>${chemin}</arg>
<doc>Returns the contents of a specified file.</doc>
<status status="PASS" start="2025-07-17T09:38:08.821867" elapsed="0.000157"/>
</kw>
<kw name="Should Be Equal As Strings" owner="BuiltIn">
<arg>${contenu}</arg>
<arg>Ceci est un rapport de test</arg>
<doc>Fails if objects are unequal after converting them to strings.</doc>
<status status="PASS" start="2025-07-17T09:38:08.822074" elapsed="0.000075"/>
</kw>
<kw name="Remove File" owner="OperatingSystem">
<msg time="2025-07-17T09:38:08.822316" level="INFO" html="true">Removed file '&lt;a href="file:///Users/thierry/Projets/17_myLab/02_Programmation/04_RPA/code/rapport.txt"&gt;/Users/thierry/Projets/17_myLab/02_Programmation/04_RPA/code/rapport.txt&lt;/a&gt;'.</msg>
<arg>${chemin}</arg>
<doc>Removes a file with the given path.</doc>
<status status="PASS" start="2025-07-17T09:38:08.822196" elapsed="0.000140"/>
</kw>
<status status="PASS" start="2025-07-17T09:38:08.820861" elapsed="0.001531"/>
</test>
<status status="PASS" start="2025-07-17T09:38:08.799996" elapsed="0.022559"/>
</suite>
<statistics>
<total>
<stat pass="1" fail="0" skip="0">All Tests</stat>
</total>
<tag>
</tag>
<suite>
<stat name="Exo 1 1" id="s1" pass="1" fail="0" skip="0">Exo 1 1</stat>
</suite>
</statistics>
<errors>
</errors>
</robot>
